-------------------------------------------------------------------------------
Test set: TestSuite
-------------------------------------------------------------------------------
Tests run: 1, Failures: 1, Errors: 0, Skipped: 0, Time elapsed: 0.359 s <<< FAILURE! - in TestSuite
test(org.example.Seleniumproject)  Time elapsed: 0.007 s  <<< FAILURE!
java.lang.NullPointerException
	at org.example.Seleniumproject.test(Seleniumproject.java:39)

